<?xml version="1.0" encoding="UTF-8"?>
<!-- Generated by org.testng.reporters.JUnitReportReporter -->
<testsuite skipped="0" hostname="LAPTOP-6BLMBPNU" name="flight2.EndToEndFlightBooking" tests="1" failures="0" timestamp="2021-08-16T16:32:04 IST" time="19.899" errors="0">
  <testcase name="endToEnd" time="19.899" classname="flight2.EndToEndFlightBooking"/>
</testsuite> <!-- flight2.EndToEndFlightBooking -->
